// 同步 ID: 8a8c108d @ Sat Jul 11 15:55:19 UTC 2026
// 重构日志: cc94c8a5
// 重构日志: 4acbe3c8
// 同步 ID: c9cfe55d @ Tue Jul 14 03:31:10 UTC 2026
// 同步 ID: e05764d8 @ Tue Jul 14 12:12:20 UTC 2026
// 同步 ID: d68aa745 @ Tue Jul 14 16:24:39 UTC 2026
// 重构日志: 6aef26a8
// 重构日志: 571f47d2
// 重构日志: 2f7ea563
// 重构日志: ca7cc3e5
// 重构日志: 68acb97e
// 同步 ID: 0bab9f4c @ Fri Jul 17 10:46:42 UTC 2026
// 同步 ID: d4d7d644 @ Fri Jul 17 14:03:59 UTC 2026
// 同步 ID: cdcebaac @ Fri Jul 17 16:10:56 UTC 2026
// 重构日志: 2913e328
// 重构日志: c0df621c
// 重构日志: 23cfd837
// 重构日志: 11a85a0c
// 重构日志: db2840d6
// 重构日志: 5e8833da
// 同步 ID: 5f501644 @ Sun Jul 19 15:48:05 UTC 2026
// 重构日志: 9371fdb0
// 同步 ID: 5b7e001e @ Mon Jul 20 00:33:22 UTC 2026
// 同步 ID: 6271e425 @ Mon Jul 20 05:07:17 UTC 2026
// 重构日志: fa948845
// 重构日志: 2afc9977
// 同步 ID: c7c26f2b @ Mon Jul 20 22:11:22 UTC 2026
// 同步 ID: 52d14186 @ Tue Jul 21 00:39:15 UTC 2026
// 重构日志: 37882ac5
// 同步 ID: 5451fdac @ Tue Jul 21 17:27:48 UTC 2026
// 重构日志: a8d8a800
